AFA/app/build/intermediates/manifest_merge_blame_file/debug/processDebugMainManifest/manifest-merger-blame-debug-report.txt
1<?xml version="1.0" encoding="utf-8"?>
2<!--
3    AFA - Attività Fisica Adattata
4    AndroidManifest.xml
5    Manifesto dell'app: permessi, activity, provider
6-->
7<manifest xmlns:android="http://schemas.android.com/apk/res/android"
8    package="com.afa.fitadapt"
9    android:versionCode="1"
10    android:versionName="1.0.0" >
11
12    <uses-sdk
13        android:minSdkVersion="26"
14        android:targetSdkVersion="35" />
15
16    <!-- Permesso per mostrare notifiche (Android 13+) -->
17    <uses-permission android:name="android.permission.POST_NOTIFICATIONS" />
17-->src\main\AndroidManifest.xml:11:5-77
17-->src\main\AndroidManifest.xml:11:22-74
18
19    <!-- Permesso per usare biometria (impronta/volto) -->
20    <uses-permission android:name="android.permission.USE_BIOMETRIC" />
20-->src\main\AndroidManifest.xml:14:5-72
20-->src\main\AndroidManifest.xml:14:22-69
21
22    <!-- Permesso per ricevere l'avvio del dispositivo (riavvio notifiche) -->
23    <uses-permission android:name="android.permission.RECEIVE_BOOT_COMPLETED" />
23-->src\main\AndroidManifest.xml:17:5-81
23-->src\main\AndroidManifest.xml:17:22-78
24
25    <!-- Permesso per vibrazione (feedback tattile) -->
26    <uses-permission android:name="android.permission.VIBRATE" />
26-->src\main\AndroidManifest.xml:20:5-66
26-->src\main\AndroidManifest.xml:20:22-63
27
28    <!-- suppress DeprecatedClassUsageInspection -->
29    <uses-permission android:name="android.permission.USE_FINGERPRINT" />
29-->[androidx.biometric:biometric:1.1.0] AndroidManifest.xml:27:5-74
29-->[androidx.biometric:biometric:1.1.0] AndroidManifest.xml:27:22-71
30    <uses-permission android:name="android.permission.WAKE_LOCK" />
30-->[androidx.work:work-runtime:2.10.0] AndroidManifest.xml:23:5-68
30-->[androidx.work:work-runtime:2.10.0] AndroidManifest.xml:23:22-65
31    <uses-permission android:name="android.permission.ACCESS_NETWORK_STATE" />
31-->[androidx.work:work-runtime:2.10.0] AndroidManifest.xml:24:5-79
31-->[androidx.work:work-runtime:2.10.0] AndroidManifest.xml:24:22-76
32    <uses-permission android:name="android.permission.FOREGROUND_SERVICE" />
32-->[androidx.work:work-runtime:2.10.0] AndroidManifest.xml:26:5-77
32-->[androidx.work:work-runtime:2.10.0] AndroidManifest.xml:26:22-74
33
34    <permission
34-->[androidx.core:core:1.15.0] AndroidManifest.xml:22:5-24:47
35        android:name="com.afa.fitadapt.DYNAMIC_RECEIVER_NOT_EXPORTED_PERMISSION"
35-->[androidx.core:core:1.15.0] AndroidManifest.xml:23:9-81
36        android:protectionLevel="signature" />
36-->[androidx.core:core:1.15.0] AndroidManifest.xml:24:9-44
37
38    <uses-permission android:name="com.afa.fitadapt.DYNAMIC_RECEIVER_NOT_EXPORTED_PERMISSION" />
38-->[androidx.core:core:1.15.0] AndroidManifest.xml:26:5-97
38-->[androidx.core:core:1.15.0] AndroidManifest.xml:26:22-94
39
40    <application
40-->src\main\AndroidManifest.xml:30:5-69:19
41        android:name="com.afa.fitadapt.AfaApplication"
41-->src\main\AndroidManifest.xml:31:9-39
42        android:allowBackup="false"
42-->src\main\AndroidManifest.xml:32:9-36
43        android:appComponentFactory="androidx.core.app.CoreComponentFactory"
43-->[androidx.core:core:1.15.0] AndroidManifest.xml:28:18-86
44        android:dataExtractionRules="@xml/data_extraction_rules"
44-->src\main\AndroidManifest.xml:33:9-65
45        android:debuggable="true"
46        android:extractNativeLibs="false"
47        android:fullBackupContent="false"
47-->src\main\AndroidManifest.xml:34:9-42
48        android:icon="@mipmap/ic_launcher"
48-->src\main\AndroidManifest.xml:35:9-43
49        android:label="@string/app_name"
49-->src\main\AndroidManifest.xml:36:9-41
50        android:roundIcon="@mipmap/ic_launcher_round"
50-->src\main\AndroidManifest.xml:37:9-54
51        android:supportsRtl="true"
51-->src\main\AndroidManifest.xml:38:9-35
52        android:testOnly="true"
53        android:theme="@style/Theme.AFA" >
53-->src\main\AndroidManifest.xml:39:9-41
54
55        <!-- Activity principale — unico punto di ingresso (Single Activity pattern) -->
56        <activity
56-->src\main\AndroidManifest.xml:43:9-51:20
57            android:name="com.afa.fitadapt.MainActivity"
57-->src\main\AndroidManifest.xml:44:13-41
58            android:exported="true"
58-->src\main\AndroidManifest.xml:45:13-36
59            android:theme="@style/Theme.AFA" >
59-->src\main\AndroidManifest.xml:46:13-45
60            <intent-filter>
60-->src\main\AndroidManifest.xml:47:13-50:29
61                <action android:name="android.intent.action.MAIN" />
61-->src\main\AndroidManifest.xml:48:17-69
61-->src\main\AndroidManifest.xml:48:25-66
62
63                <category android:name="android.intent.category.LAUNCHER" />
63-->src\main\AndroidManifest.xml:49:17-77
63-->src\main\AndroidManifest.xml:49:27-74
64            </intent-filter>
65        </activity>
66
67        <!--
68            Disabilitiamo l'inizializzazione automatica di WorkManager
69            perché usiamo Hilt per iniettare la HiltWorkerFactory.
70            L'inizializzazione avviene in AfaApplication.
71        -->
72        <provider
73            android:name="androidx.startup.InitializationProvider"
73-->src\main\AndroidManifest.xml:59:13-67
74            android:authorities="com.afa.fitadapt.androidx-startup"
74-->src\main\AndroidManifest.xml:60:13-68
75            android:exported="false" >
75-->src\main\AndroidManifest.xml:61:13-37
76            <meta-data
76-->[androidx.emoji2:emoji2:1.3.0] AndroidManifest.xml:29:13-31:52
77                android:name="androidx.emoji2.text.EmojiCompatInitializer"
77-->[androidx.emoji2:emoji2:1.3.0] AndroidManifest.xml:30:17-75
78                android:value="androidx.startup" />
78-->[androidx.emoji2:emoji2:1.3.0] AndroidManifest.xml:31:17-49
79            <meta-data
79-->[androidx.lifecycle:lifecycle-process:2.8.7] AndroidManifest.xml:29:13-31:52
80                android:name="androidx.lifecycle.ProcessLifecycleInitializer"
80-->[androidx.lifecycle:lifecycle-process:2.8.7] AndroidManifest.xml:30:17-78
81                android:value="androidx.startup" />
81-->[androidx.lifecycle:lifecycle-process:2.8.7] AndroidManifest.xml:31:17-49
82            <meta-data
82-->[androidx.profileinstaller:profileinstaller:1.3.1] AndroidManifest.xml:29:13-31:52
83                android:name="androidx.profileinstaller.ProfileInstallerInitializer"
83-->[androidx.profileinstaller:profileinstaller:1.3.1] AndroidManifest.xml:30:17-85
84                android:value="androidx.startup" />
84-->[androidx.profileinstaller:profileinstaller:1.3.1] AndroidManifest.xml:31:17-49
85        </provider>
86
87        <activity
87-->[androidx.compose.ui:ui-tooling-android:1.7.7] AndroidManifest.xml:23:9-25:39
88            android:name="androidx.compose.ui.tooling.PreviewActivity"
88-->[androidx.compose.ui:ui-tooling-android:1.7.7] AndroidManifest.xml:24:13-71
89            android:exported="true" />
89-->[androidx.compose.ui:ui-tooling-android:1.7.7] AndroidManifest.xml:25:13-36
90        <activity
90-->[androidx.compose.ui:ui-test-manifest:1.7.7] AndroidManifest.xml:23:9-25:39
91            android:name="androidx.activity.ComponentActivity"
91-->[androidx.compose.ui:ui-test-manifest:1.7.7] AndroidManifest.xml:24:13-63
92            android:exported="true" />
92-->[androidx.compose.ui:ui-test-manifest:1.7.7] AndroidManifest.xml:25:13-36
93
94        <service
94-->[androidx.work:work-runtime:2.10.0] AndroidManifest.xml:39:9-45:35
95            android:name="androidx.work.impl.background.systemalarm.SystemAlarmService"
95-->[androidx.work:work-runtime:2.10.0] AndroidManifest.xml:40:13-88
96            android:directBootAware="false"
96-->[androidx.work:work-runtime:2.10.0] AndroidManifest.xml:41:13-44
97            android:enabled="@bool/enable_system_alarm_service_default"
97-->[androidx.work:work-runtime:2.10.0] AndroidManifest.xml:42:13-72
98            android:exported="false" />
98-->[androidx.work:work-runtime:2.10.0] AndroidManifest.xml:43:13-37
99        <service
99-->[androidx.work:work-runtime:2.10.0] AndroidManifest.xml:46:9-52:35
100            android:name="androidx.work.impl.background.systemjob.SystemJobService"
100-->[androidx.work:work-runtime:2.10.0] AndroidManifest.xml:47:13-84
101            android:directBootAware="false"
101-->[androidx.work:work-runtime:2.10.0] AndroidManifest.xml:48:13-44
102            android:enabled="@bool/enable_system_job_service_default"
102-->[androidx.work:work-runtime:2.10.0] AndroidManifest.xml:49:13-70
103            android:exported="true"
103-->[androidx.work:work-runtime:2.10.0] AndroidManifest.xml:50:13-36
104            android:permission="android.permission.BIND_JOB_SERVICE" />
104-->[androidx.work:work-runtime:2.10.0] AndroidManifest.xml:51:13-69
105        <service
105-->[androidx.work:work-runtime:2.10.0] AndroidManifest.xml:53:9-59:35
106            android:name="androidx.work.impl.foreground.SystemForegroundService"
106-->[androidx.work:work-runtime:2.10.0] AndroidManifest.xml:54:13-81
107            android:directBootAware="false"
107-->[androidx.work:work-runtime:2.10.0] AndroidManifest.xml:55:13-44
108            android:enabled="@bool/enable_system_foreground_service_default"
108-->[androidx.work:work-runtime:2.10.0] AndroidManifest.xml:56:13-77
109            android:exported="false" />
109-->[androidx.work:work-runtime:2.10.0] AndroidManifest.xml:57:13-37
110
111        <receiver
111-->[androidx.work:work-runtime:2.10.0] AndroidManifest.xml:61:9-66:35
112            android:name="androidx.work.impl.utils.ForceStopRunnable$BroadcastReceiver"
112-->[androidx.work:work-runtime:2.10.0] AndroidManifest.xml:62:13-88
113            android:directBootAware="false"
113-->[androidx.work:work-runtime:2.10.0] AndroidManifest.xml:63:13-44
114            android:enabled="true"
114-->[androidx.work:work-runtime:2.10.0] AndroidManifest.xml:64:13-35
115            android:exported="false" />
115-->[androidx.work:work-runtime:2.10.0] AndroidManifest.xml:65:13-37
116        <receiver
116-->[androidx.work:work-runtime:2.10.0] AndroidManifest.xml:67:9-77:20
117            android:name="androidx.work.impl.background.systemalarm.ConstraintProxy$BatteryChargingProxy"
117-->[androidx.work:work-runtime:2.10.0] AndroidManifest.xml:68:13-106
118            android:directBootAware="false"
118-->[androidx.work:work-runtime:2.10.0] AndroidManifest.xml:69:13-44
119            android:enabled="false"
119-->[androidx.work:work-runtime:2.10.0] AndroidManifest.xml:70:13-36
120            android:exported="false" >
120-->[androidx.work:work-runtime:2.10.0] AndroidManifest.xml:71:13-37
121            <intent-filter>
121-->[androidx.work:work-runtime:2.10.0] AndroidManifest.xml:73:13-76:29
122                <action android:name="android.intent.action.ACTION_POWER_CONNECTED" />
122-->[androidx.work:work-runtime:2.10.0] AndroidManifest.xml:74:17-87
122-->[androidx.work:work-runtime:2.10.0] AndroidManifest.xml:74:25-84
123                <action android:name="android.intent.action.ACTION_POWER_DISCONNECTED" />
123-->[androidx.work:work-runtime:2.10.0] AndroidManifest.xml:75:17-90
123-->[androidx.work:work-runtime:2.10.0] AndroidManifest.xml:75:25-87
124            </intent-filter>
125        </receiver>
126        <receiver
126-->[androidx.work:work-runtime:2.10.0] AndroidManifest.xml:78:9-88:20
127            android:name="androidx.work.impl.background.systemalarm.ConstraintProxy$BatteryNotLowProxy"
127-->[androidx.work:work-runtime:2.10.0] AndroidManifest.xml:79:13-104
128            android:directBootAware="false"
128-->[androidx.work:work-runtime:2.10.0] AndroidManifest.xml:80:13-44
129            android:enabled="false"
129-->[androidx.work:work-runtime:2.10.0] AndroidManifest.xml:81:13-36
130            android:exported="false" >
130-->[androidx.work:work-runtime:2.10.0] AndroidManifest.xml:82:13-37
131            <intent-filter>
131-->[androidx.work:work-runtime:2.10.0] AndroidManifest.xml:84:13-87:29
132                <action android:name="android.intent.action.BATTERY_OKAY" />
132-->[androidx.work:work-runtime:2.10.0] AndroidManifest.xml:85:17-77
132-->[androidx.work:work-runtime:2.10.0] AndroidManifest.xml:85:25-74
133                <action android:name="android.intent.action.BATTERY_LOW" />
133-->[androidx.work:work-runtime:2.10.0] AndroidManifest.xml:86:17-76
133-->[androidx.work:work-runtime:2.10.0] AndroidManifest.xml:86:25-73
134            </intent-filter>
135        </receiver>
136        <receiver
136-->[androidx.work:work-runtime:2.10.0] AndroidManifest.xml:89:9-99:20
137            android:name="androidx.work.impl.background.systemalarm.ConstraintProxy$StorageNotLowProxy"
137-->[androidx.work:work-runtime:2.10.0] AndroidManifest.xml:90:13-104
138            android:directBootAware="false"
138-->[androidx.work:work-runtime:2.10.0] AndroidManifest.xml:91:13-44
139            android:enabled="false"
139-->[androidx.work:work-runtime:2.10.0] AndroidManifest.xml:92:13-36
140            android:exported="false" >
140-->[androidx.work:work-runtime:2.10.0] AndroidManifest.xml:93:13-37
141            <intent-filter>
141-->[androidx.work:work-runtime:2.10.0] AndroidManifest.xml:95:13-98:29
142                <action android:name="android.intent.action.DEVICE_STORAGE_LOW" />
142-->[androidx.work:work-runtime:2.10.0] AndroidManifest.xml:96:17-83
142-->[androidx.work:work-runtime:2.10.0] AndroidManifest.xml:96:25-80
143                <action android:name="android.intent.action.DEVICE_STORAGE_OK" />
143-->[androidx.work:work-runtime:2.10.0] AndroidManifest.xml:97:17-82
143-->[androidx.work:work-runtime:2.10.0] AndroidManifest.xml:97:25-79
144            </intent-filter>
145        </receiver>
146        <receiver
146-->[androidx.work:work-runtime:2.10.0] AndroidManifest.xml:100:9-109:20
147            android:name="androidx.work.impl.background.systemalarm.ConstraintProxy$NetworkStateProxy"
147-->[androidx.work:work-runtime:2.10.0] AndroidManifest.xml:101:13-103
148            android:directBootAware="false"
148-->[androidx.work:work-runtime:2.10.0] AndroidManifest.xml:102:13-44
149            android:enabled="false"
149-->[androidx.work:work-runtime:2.10.0] AndroidManifest.xml:103:13-36
150            android:exported="false" >
150-->[androidx.work:work-runtime:2.10.0] AndroidManifest.xml:104:13-37
151            <intent-filter>
151-->[androidx.work:work-runtime:2.10.0] AndroidManifest.xml:106:13-108:29
152                <action android:name="android.net.conn.CONNECTIVITY_CHANGE" />
152-->[androidx.work:work-runtime:2.10.0] AndroidManifest.xml:107:17-79
152-->[androidx.work:work-runtime:2.10.0] AndroidManifest.xml:107:25-76
153            </intent-filter>
154        </receiver>
155        <receiver
155-->[androidx.work:work-runtime:2.10.0] AndroidManifest.xml:110:9-121:20
156            android:name="androidx.work.impl.background.systemalarm.RescheduleReceiver"
156-->[androidx.work:work-runtime:2.10.0] AndroidManifest.xml:111:13-88
157            android:directBootAware="false"
157-->[androidx.work:work-runtime:2.10.0] AndroidManifest.xml:112:13-44
158            android:enabled="false"
158-->[androidx.work:work-runtime:2.10.0] AndroidManifest.xml:113:13-36
159            android:exported="false" >
159-->[androidx.work:work-runtime:2.10.0] AndroidManifest.xml:114:13-37
160            <intent-filter>
160-->[androidx.work:work-runtime:2.10.0] AndroidManifest.xml:116:13-120:29
161                <action android:name="android.intent.action.BOOT_COMPLETED" />
161-->[androidx.work:work-runtime:2.10.0] AndroidManifest.xml:117:17-79
161-->[androidx.work:work-runtime:2.10.0] AndroidManifest.xml:117:25-76
162                <action android:name="android.intent.action.TIME_SET" />
162-->[androidx.work:work-runtime:2.10.0] AndroidManifest.xml:118:17-73
162-->[androidx.work:work-runtime:2.10.0] AndroidManifest.xml:118:25-70
163                <action android:name="android.intent.action.TIMEZONE_CHANGED" />
163-->[androidx.work:work-runtime:2.10.0] AndroidManifest.xml:119:17-81
163-->[androidx.work:work-runtime:2.10.0] AndroidManifest.xml:119:25-78
164            </intent-filter>
165        </receiver>
166        <receiver
166-->[androidx.work:work-runtime:2.10.0] AndroidManifest.xml:122:9-131:20
167            android:name="androidx.work.impl.background.systemalarm.ConstraintProxyUpdateReceiver"
167-->[androidx.work:work-runtime:2.10.0] AndroidManifest.xml:123:13-99
168            android:directBootAware="false"
168-->[androidx.work:work-runtime:2.10.0] AndroidManifest.xml:124:13-44
169            android:enabled="@bool/enable_system_alarm_service_default"
169-->[androidx.work:work-runtime:2.10.0] AndroidManifest.xml:125:13-72
170            android:exported="false" >
170-->[androidx.work:work-runtime:2.10.0] AndroidManifest.xml:126:13-37
171            <intent-filter>
171-->[androidx.work:work-runtime:2.10.0] AndroidManifest.xml:128:13-130:29
172                <action android:name="androidx.work.impl.background.systemalarm.UpdateProxies" />
172-->[androidx.work:work-runtime:2.10.0] AndroidManifest.xml:129:17-98
172-->[androidx.work:work-runtime:2.10.0] AndroidManifest.xml:129:25-95
173            </intent-filter>
174        </receiver>
175        <receiver
175-->[androidx.work:work-runtime:2.10.0] AndroidManifest.xml:132:9-142:20
176            android:name="androidx.work.impl.diagnostics.DiagnosticsReceiver"
176-->[androidx.work:work-runtime:2.10.0] AndroidManifest.xml:133:13-78
177            android:directBootAware="false"
177-->[androidx.work:work-runtime:2.10.0] AndroidManifest.xml:134:13-44
178            android:enabled="true"
178-->[androidx.work:work-runtime:2.10.0] AndroidManifest.xml:135:13-35
179            android:exported="true"
179-->[androidx.work:work-runtime:2.10.0] AndroidManifest.xml:136:13-36
180            android:permission="android.permission.DUMP" >
180-->[androidx.work:work-runtime:2.10.0] AndroidManifest.xml:137:13-57
181            <intent-filter>
181-->[androidx.work:work-runtime:2.10.0] AndroidManifest.xml:139:13-141:29
182                <action android:name="androidx.work.diagnostics.REQUEST_DIAGNOSTICS" />
182-->[androidx.work:work-runtime:2.10.0] AndroidManifest.xml:140:17-88
182-->[androidx.work:work-runtime:2.10.0] AndroidManifest.xml:140:25-85
183            </intent-filter>
184        </receiver>
185
186        <service
186-->[androidx.room:room-runtime:2.6.1] AndroidManifest.xml:24:9-28:63
187            android:name="androidx.room.MultiInstanceInvalidationService"
187-->[androidx.room:room-runtime:2.6.1] AndroidManifest.xml:25:13-74
188            android:directBootAware="true"
188-->[androidx.room:room-runtime:2.6.1] AndroidManifest.xml:26:13-43
189            android:exported="false" />
189-->[androidx.room:room-runtime:2.6.1] AndroidManifest.xml:27:13-37
190
191        <receiver
191-->[androidx.profileinstaller:profileinstaller:1.3.1] AndroidManifest.xml:34:9-52:20
192            android:name="androidx.profileinstaller.ProfileInstallReceiver"
192-->[androidx.profileinstaller:profileinstaller:1.3.1] AndroidManifest.xml:35:13-76
193            android:directBootAware="false"
193-->[androidx.profileinstaller:profileinstaller:1.3.1] AndroidManifest.xml:36:13-44
194            android:enabled="true"
194-->[androidx.profileinstaller:profileinstaller:1.3.1] AndroidManifest.xml:37:13-35
195            android:exported="true"
195-->[androidx.profileinstaller:profileinstaller:1.3.1] AndroidManifest.xml:38:13-36
196            android:permission="android.permission.DUMP" >
196-->[androidx.profileinstaller:profileinstaller:1.3.1] AndroidManifest.xml:39:13-57
197            <intent-filter>
197-->[androidx.profileinstaller:profileinstaller:1.3.1] AndroidManifest.xml:40:13-42:29
198                <action android:name="androidx.profileinstaller.action.INSTALL_PROFILE" />
198-->[androidx.profileinstaller:profileinstaller:1.3.1] AndroidManifest.xml:41:17-91
198-->[androidx.profileinstaller:profileinstaller:1.3.1] AndroidManifest.xml:41:25-88
199            </intent-filter>
200            <intent-filter>
200-->[androidx.profileinstaller:profileinstaller:1.3.1] AndroidManifest.xml:43:13-45:29
201                <action android:name="androidx.profileinstaller.action.SKIP_FILE" />
201-->[androidx.profileinstaller:profileinstaller:1.3.1] AndroidManifest.xml:44:17-85
201-->[androidx.profileinstaller:profileinstaller:1.3.1] AndroidManifest.xml:44:25-82
202            </intent-filter>
203            <intent-filter>
203-->[androidx.profileinstaller:profileinstaller:1.3.1] AndroidManifest.xml:46:13-48:29
204                <action android:name="androidx.profileinstaller.action.SAVE_PROFILE" />
204-->[androidx.profileinstaller:profileinstaller:1.3.1] AndroidManifest.xml:47:17-88
204-->[androidx.profileinstaller:profileinstaller:1.3.1] AndroidManifest.xml:47:25-85
205            </intent-filter>
206            <intent-filter>
206-->[androidx.profileinstaller:profileinstaller:1.3.1] AndroidManifest.xml:49:13-51:29
207                <action android:name="androidx.profileinstaller.action.BENCHMARK_OPERATION" />
207-->[androidx.profileinstaller:profileinstaller:1.3.1] AndroidManifest.xml:50:17-95
207-->[androidx.profileinstaller:profileinstaller:1.3.1] AndroidManifest.xml:50:25-92
208            </intent-filter>
209        </receiver>
210    </application>
211
212</manifest>